<?xml version="1.0" encoding="UTF-8"?>
<!-- Generated by org.testng.reporters.JUnitXMLReporter -->
<testsuite ignored="0" hostname="mdivya-lp" failures="1" tests="6" name="CucumberParallel" time="163.982" errors="0" timestamp="2024-12-11T16:44:23 IST">
  <testcase classname="io.cucumber.testng.AbstractTestNGCucumberTests" name="runScenario" time="15.935"/>
  <testcase classname="io.cucumber.testng.AbstractTestNGCucumberTests" name="runScenario" time="10.605">
    <failure type="java.io.FileNotFoundException" message="D:\eclipse-workspace\CucumberPOC\TestData.properties (The system cannot find the path specified)">
      <![CDATA[java.io.FileNotFoundException: D:\eclipse-workspace\CucumberPOC\TestData.properties (The system cannot find the path specified)
at java.base/java.io.FileInputStream.open0(Native Method)
at java.base/java.io.FileInputStream.open(FileInputStream.java:213)
at java.base/java.io.FileInputStream.<init>(FileInputStream.java:152)
at java.base/java.io.FileInputStream.<init>(FileInputStream.java:106)
at java.base/java.io.FileReader.<init>(FileReader.java:60)
at com.stepdefinitions.BasicControlsStepdefintions.sendText(BasicControlsStepdefintions.java:51)
at ✽.User should send the text into the FirstName and LastName text boxes(file:///C:/Users/mdivya/git/Automation/CucumberPOC/src/test/resources/features/RegressionSuite/BasicControls.feature:8)
]]>
    </failure>
  </testcase> <!-- runScenario -->
  <testcase classname="io.cucumber.testng.AbstractTestNGCucumberTests" name="runScenario" time="26.158"/>
  <testcase classname="io.cucumber.testng.AbstractTestNGCucumberTests" name="runScenario" time="50.889"/>
  <testcase classname="io.cucumber.testng.AbstractTestNGCucumberTests" name="runScenario" time="31.392"/>
  <testcase classname="io.cucumber.testng.AbstractTestNGCucumberTests" name="runScenario" time="28.271"/>
</testsuite> <!-- CucumberParallel -->
