<?xml version="1.0" encoding="UTF-8"?>
<testng-results ignored="0" total="1" passed="0" failed="1" skipped="0">
  <reporter-output>
  </reporter-output>
  <suite started-at="2024-12-17T19:43:09 IST" name="Default suite" finished-at="2024-12-17T19:43:11 IST" duration-ms="1547">
    <groups>
      <group name="cucumber">
        <method signature="AbstractTestNGCucumberTests.runScenario(io.cucumber.testng.PickleWrapper,io.cucumber.testng.FeatureWrapper)[pri:0, instance:com.cucumberrunner.Runner$TestRunner@2aceadd4]" name="runScenario" class="io.cucumber.testng.AbstractTestNGCucumberTests"/>
      </group> <!-- cucumber -->
    </groups>
    <test started-at="2024-12-17T19:43:09 IST" name="Default test" finished-at="2024-12-17T19:43:11 IST" duration-ms="1547">
      <class name="com.cucumberrunner.Runner$TestRunner">
        <test-method is-config="true" signature="setUpClass(org.testng.ITestContext)[pri:0, instance:com.cucumberrunner.Runner$TestRunner@2aceadd4]" started-at="2024-12-17T19:43:10 IST" name="setUpClass" finished-at="2024-12-17T19:43:11 IST" duration-ms="1111" status="PASS">
          <params>
            <param index="0">
              <value>
                <![CDATA[org.testng.TestRunner@3228d990]]>
              </value>
            </param>
          </params>
          <reporter-output>
          </reporter-output>
        </test-method> <!-- setUpClass -->
        <test-method signature="runScenario(io.cucumber.testng.PickleWrapper,io.cucumber.testng.FeatureWrapper)[pri:0, instance:com.cucumberrunner.Runner$TestRunner@2aceadd4]" started-at="2024-12-17T19:43:11 IST" name="runScenario" description="Runs Cucumber Scenarios" data-provider="scenarios" finished-at="2024-12-17T19:43:11 IST" duration-ms="295" status="FAIL">
          <params>
            <param index="0">
              <value>
                <![CDATA["Valid Login Validation"]]>
              </value>
            </param>
            <param index="1">
              <value>
                <![CDATA["Login validation for orange hrm application"]]>
              </value>
            </param>
          </params>
          <exception class="io.cucumber.testng.UndefinedStepException">
            <message>
              <![CDATA[The step 'User should enter valid credentials username and password' and 2 other step(s) are undefined.
You can implement these steps using the snippet(s) below:

@Given("User should enter valid credentials username and password")
public void user_should_enter_valid_credentials_username_and_password() {
    // Write code here that turns the phrase above into concrete actions
    throw new io.cucumber.java.PendingException();
}
@Given("Click on Login Button")
public void click_on_login_button() {
    // Write code here that turns the phrase above into concrete actions
    throw new io.cucumber.java.PendingException();
}
@Then("Verify successful navigation to hrm application page")
public void verify_successful_navigation_to_hrm_application_page() {
    // Write code here that turns the phrase above into concrete actions
    throw new io.cucumber.java.PendingException();
}
]]>
            </message>
            <full-stacktrace>
              <![CDATA[io.cucumber.testng.UndefinedStepException: The step 'User should enter valid credentials username and password' and 2 other step(s) are undefined.
You can implement these steps using the snippet(s) below:

@Given("User should enter valid credentials username and password")
public void user_should_enter_valid_credentials_username_and_password() {
    // Write code here that turns the phrase above into concrete actions
    throw new io.cucumber.java.PendingException();
}
@Given("Click on Login Button")
public void click_on_login_button() {
    // Write code here that turns the phrase above into concrete actions
    throw new io.cucumber.java.PendingException();
}
@Then("Verify successful navigation to hrm application page")
public void verify_successful_navigation_to_hrm_application_page() {
    // Write code here that turns the phrase above into concrete actions
    throw new io.cucumber.java.PendingException();
}

at io.cucumber.core.runtime.TestCaseResultObserver.assertTestCasePassed(TestCaseResultObserver.java:69)
at io.cucumber.testng.TestCaseResultObserver.assertTestCasePassed(TestCaseResultObserver.java:23)
at io.cucumber.testng.TestNGCucumberRunner.lambda$runScenario$1(TestNGCucumberRunner.java:133)
at io.cucumber.core.runtime.CucumberExecutionContext.lambda$runTestCase$5(CucumberExecutionContext.java:136)
at io.cucumber.core.runtime.RethrowingThrowableCollector.executeAndThrow(RethrowingThrowableCollector.java:23)
at io.cucumber.core.runtime.CucumberExecutionContext.runTestCase(CucumberExecutionContext.java:136)
at io.cucumber.testng.TestNGCucumberRunner.runScenario(TestNGCucumberRunner.java:129)
at io.cucumber.testng.AbstractTestNGCucumberTests.runScenario(AbstractTestNGCucumberTests.java:35)
at java.base/jdk.internal.reflect.DirectMethodHandleAccessor.invoke(DirectMethodHandleAccessor.java:103)
at java.base/java.lang.reflect.Method.invoke(Method.java:580)
at org.testng.internal.invokers.MethodInvocationHelper.invokeMethod(MethodInvocationHelper.java:139)
at org.testng.internal.invokers.TestInvoker.invokeMethod(TestInvoker.java:677)
at org.testng.internal.invokers.TestInvoker.invokeTestMethod(TestInvoker.java:221)
at org.testng.internal.invokers.MethodRunner.runInSequence(MethodRunner.java:50)
at org.testng.internal.invokers.TestInvoker$MethodInvocationAgent.invoke(TestInvoker.java:969)
at org.testng.internal.invokers.TestInvoker.invokeTestMethods(TestInvoker.java:194)
at org.testng.internal.invokers.TestMethodWorker.invokeTestMethods(TestMethodWorker.java:148)
at org.testng.internal.invokers.TestMethodWorker.run(TestMethodWorker.java:128)
at java.base/java.util.ArrayList.forEach(ArrayList.java:1597)
at org.testng.TestRunner.privateRun(TestRunner.java:829)
at org.testng.TestRunner.run(TestRunner.java:602)
at org.testng.SuiteRunner.runTest(SuiteRunner.java:437)
at org.testng.SuiteRunner.runSequentially(SuiteRunner.java:431)
at org.testng.SuiteRunner.privateRun(SuiteRunner.java:391)
at org.testng.SuiteRunner.run(SuiteRunner.java:330)
at org.testng.SuiteRunnerWorker.runSuite(SuiteRunnerWorker.java:52)
at org.testng.SuiteRunnerWorker.run(SuiteRunnerWorker.java:95)
at org.testng.TestNG.runSuitesSequentially(TestNG.java:1256)
at org.testng.TestNG.runSuitesLocally(TestNG.java:1176)
at org.testng.TestNG.runSuites(TestNG.java:1099)
at org.testng.TestNG.run(TestNG.java:1067)
at org.testng.remote.AbstractRemoteTestNG.run(AbstractRemoteTestNG.java:115)
at org.testng.remote.RemoteTestNG.initAndRun(RemoteTestNG.java:293)
at org.testng.remote.RemoteTestNG.main(RemoteTestNG.java:91)
]]>
            </full-stacktrace>
          </exception> <!-- io.cucumber.testng.UndefinedStepException -->
          <reporter-output>
          </reporter-output>
        </test-method> <!-- runScenario -->
        <test-method is-config="true" signature="tearDownClass()[pri:0, instance:com.cucumberrunner.Runner$TestRunner@2aceadd4]" started-at="2024-12-17T19:43:11 IST" name="tearDownClass" finished-at="2024-12-17T19:43:11 IST" duration-ms="62" status="PASS">
          <reporter-output>
          </reporter-output>
        </test-method> <!-- tearDownClass -->
      </class> <!-- com.cucumberrunner.Runner$TestRunner -->
    </test> <!-- Default test -->
  </suite> <!-- Default suite -->
</testng-results>
